<?xml version="1.0" encoding="UTF-8"?>
<!-- Generated by org.testng.reporters.JUnitReportReporter -->
<testsuite hostname="ESW012" name="KvbTestCases.TC001_Kvb_TwoWheeler_Insurence_OnlineApplyTest" tests="1" failures="0" timestamp="13 Jun 2018 09:51:03 GMT" time="16.870" errors="0">
  <testcase name="TwoWheeler_Insurence_OnlineApplyTest" time="16.870" classname="KvbTestCases.TC001_Kvb_TwoWheeler_Insurence_OnlineApplyTest"/>
</testsuite> <!-- KvbTestCases.TC001_Kvb_TwoWheeler_Insurence_OnlineApplyTest -->
