<?xml version="1.0" encoding="UTF-8"?>
<!-- Generated by org.testng.reporters.JUnitXMLReporter -->
<testsuite hostname="ESL008" name="FirefoxTest" tests="1" failures="0" timestamp="25 Jun 2019 07:19:15 GMT" time="8.817" errors="0">
  <testcase name="@BeforeClass TestEngine" time="0.0" classname="PaymateTestcases.TC_002_PaymateLogout">
    <failure type="java.lang.NullPointerException" message="null value in entry: url=null">
      <![CDATA[java.lang.NullPointerException: null value in entry: url=null
	at com.google.common.collect.CollectPreconditions.checkEntryNotNull(CollectPreconditions.java:32)
	at com.google.common.collect.SingletonImmutableBiMap.<init>(SingletonImmutableBiMap.java:42)
	at com.google.common.collect.ImmutableBiMap.of(ImmutableBiMap.java:72)
	at com.google.common.collect.ImmutableMap.of(ImmutableMap.java:124)
	at org.openqa.selenium.remote.RemoteWebDriver.get(RemoteWebDriver.java:276)
	at TestBase.TestBase.crossBrowserinit(TestBase.java:155)
	at PaymateTestcases.TC_002_PaymateLogout.TestEngine(TC_002_PaymateLogout.java:41)
... Removed 24 stack frames]]>
    </failure>
  </testcase> <!-- @BeforeClass TestEngine -->
  <testcase name="@AfterClass endreport" time="0.0" classname="PaymateTestcases.TC_002_PaymateLogout">
    <failure type="java.lang.Error" message="Unresolved compilation problem: 
	The method closeBrowser() is undefined for the type TC_002_PaymateLogout
">
      <![CDATA[java.lang.Error: Unresolved compilation problem: 
	The method closeBrowser() is undefined for the type TC_002_PaymateLogout

	at PaymateTestcases.TC_002_PaymateLogout.endreport(TC_002_PaymateLogout.java:83)
... Removed 24 stack frames]]>
    </failure>
  </testcase> <!-- @AfterClass endreport -->
  <testcase name="PaymateLogoutTest" time="0.0" classname="PaymateTestcases.TC_002_PaymateLogout">
    <skipped/>
  </testcase> <!-- PaymateLogoutTest -->
</testsuite> <!-- FirefoxTest -->
